<?xml version="1.0" encoding="UTF-8"?>
<!-- Generated by org.testng.reporters.JUnitXMLReporter -->
<testsuite hostname="DESKTOP-TQEA3MJ" ignored="0" name="Test" tests="4" failures="1" timestamp="20 Nov 2018 13:12:51 GMT" time="0.034" errors="0">
  <testcase name="test_11" time="0.008" classname="TestNGListners.Simple"/>
  <testcase name="test_12" time="0.001" classname="TestNGListners.Simple"/>
  <testcase name="test_14" time="0.002" classname="TestNGListners.Simple">
    <failure type="java.lang.AssertionError" message="expected [false] but found [true]">
      <![CDATA[java.lang.AssertionError: expected [false] but found [true]
at TestNGListners.Simple.test_14(Simple.java:34)
... Removed 31 stack frames]]>
    </failure>
  </testcase> <!-- test_14 -->
  <testcase name="test_13" time="0.0" classname="TestNGListners.Simple">
    <skipped/>
  </testcase> <!-- test_13 -->
</testsuite> <!-- Test -->
